2019/05/18 11:05:37 [INFO] Terraform version: 0.11.8  7a5c1d221ac209bbac66947c369815cd9ca70ed5
2019/05/18 11:05:37 [INFO] Go runtime version: go1.10.1
2019/05/18 11:05:37 [INFO] CLI args: []string{"C:\\ProgramData\\chocolatey\\lib\\terraform\\tools\\terraform.exe", "apply"}
2019/05/18 11:05:37 [DEBUG] Attempting to open CLI config file: C:\Users\belala\AppData\Roaming\terraform.rc
2019/05/18 11:05:37 [DEBUG] File doesn't exist, but doesn't need to. Ignoring.
2019/05/18 11:05:37 [INFO] CLI command args: []string{"apply"}
2019/05/18 11:05:37 [INFO] command: empty terraform config, returning nil
2019/05/18 11:05:37 [DEBUG] command: no data state file found for backend config
2019/05/18 11:05:37 [DEBUG] New state was assigned lineage "31af0b39-23f6-62dd-20ff-3c8f5215ba78"
2019/05/18 11:05:37 [INFO] command: backend initialized: <nil>
2019/05/18 11:05:37 [DEBUG] checking for provider in "."
2019/05/18 11:05:37 [WARN] found legacy provider "terraform-provider-azcli.exe"
2019/05/18 11:05:37 [DEBUG] checking for provider in "C:\\ProgramData\\chocolatey\\lib\\terraform\\tools"
2019/05/18 11:05:37 [DEBUG] checking for provider in ".terraform\\plugins\\windows_amd64"
2019/05/18 11:05:37 [DEBUG] found valid plugin: "azcli", "0.0.0", "C:\\Users\\belala\\go\\src\\github.com\\abelal83\\terraform_provider_cosmosdb\\terraform-provider-azcli.exe"
2019/05/18 11:05:37 [DEBUG] checking for provisioner in "."
2019/05/18 11:05:37 [DEBUG] checking for provisioner in "C:\\ProgramData\\chocolatey\\lib\\terraform\\tools"
2019/05/18 11:05:37 [DEBUG] checking for provisioner in ".terraform\\plugins\\windows_amd64"
2019/05/18 11:05:37 [INFO] command: backend <nil> is not enhanced, wrapping in local
2019/05/18 11:05:37 [INFO] backend/local: starting Apply operation
2019/05/18 11:05:37 [DEBUG] New state was assigned lineage "231e4cca-6d3e-f555-ab6e-804942412d80"
2019/05/18 11:05:37 [INFO] terraform: building graph: GraphTypeInput
2019/05/18 11:05:37 [TRACE] ConfigTransformer: Starting for path: []
2019/05/18 11:05:37 [TRACE] Graph after step *terraform.ConfigTransformer:

azcli_cosmos_database.default - *terraform.NodeAbstractResource
2019/05/18 11:05:37 [TRACE] Graph after step *terraform.LocalTransformer:

azcli_cosmos_database.default - *terraform.NodeAbstractResource
2019/05/18 11:05:37 [TRACE] Graph after step *terraform.OutputTransformer:

azcli_cosmos_database.default - *terraform.NodeAbstractResource
2019/05/18 11:05:37 [TRACE] Graph after step *terraform.OrphanResourceTransformer:

azcli_cosmos_database.default - *terraform.NodeAbstractResource
2019/05/18 11:05:37 [TRACE] Graph after step *terraform.OrphanOutputTransformer:

azcli_cosmos_database.default - *terraform.NodeAbstractResource
2019/05/18 11:05:37 [TRACE] AttachResourceConfigTransformer: Beginning...
2019/05/18 11:05:37 [TRACE] AttachResourceConfigTransformer: Attach resource config request: azcli_cosmos_database.default
2019/05/18 11:05:37 [TRACE] Attaching resource config: &config.Resource{Mode:0, Name:"default", Type:"azcli_cosmos_database", RawCount:(*config.RawConfig)(0xc04237aee0), RawConfig:(*config.RawConfig)(0xc04237ae70), Provisioners:[]*config.Provisioner(nil), Provider:"", DependsOn:[]string(nil), Lifecycle:config.ResourceLifecycle{CreateBeforeDestroy:false, PreventDestroy:false, IgnoreChanges:[]string(nil)}}
2019/05/18 11:05:37 [TRACE] Graph after step *terraform.AttachResourceConfigTransformer:

azcli_cosmos_database.default - *terraform.NodeAbstractResource
2019/05/18 11:05:37 [DEBUG] Resource state not found for "azcli_cosmos_database.default": azcli_cosmos_database.default
2019/05/18 11:05:37 [TRACE] Graph after step *terraform.AttachStateTransformer:

azcli_cosmos_database.default - *terraform.NodeAbstractResource
2019/05/18 11:05:37 [TRACE] Graph after step *terraform.RootVariableTransformer:

azcli_cosmos_database.default - *terraform.NodeAbstractResource
2019/05/18 11:05:37 [TRACE] ProviderConfigTransformer: Starting for path: []
2019/05/18 11:05:37 [TRACE] Attach provider request: []string{} azcli
2019/05/18 11:05:37 [TRACE] Attaching provider config: *config.ProviderConfig{Name:"azcli", Alias:"", Version:"", RawConfig:(*config.RawConfig)(0xc04237ae00)}
2019/05/18 11:05:37 [TRACE] Graph after step *terraform.ProviderConfigTransformer:

azcli_cosmos_database.default - *terraform.NodeAbstractResource
provider.azcli - *terraform.NodeApplyableProvider
2019/05/18 11:05:37 [TRACE] Graph after step *terraform.MissingProviderTransformer:

azcli_cosmos_database.default - *terraform.NodeAbstractResource
provider.azcli - *terraform.NodeApplyableProvider
2019/05/18 11:05:37 [DEBUG] resource azcli_cosmos_database.default using provider provider.azcli
2019/05/18 11:05:37 [TRACE] Graph after step *terraform.ProviderTransformer:

azcli_cosmos_database.default - *terraform.NodeAbstractResource
  provider.azcli - *terraform.NodeApplyableProvider
provider.azcli - *terraform.NodeApplyableProvider
2019/05/18 11:05:37 [TRACE] Graph after step *terraform.PruneProviderTransformer:

azcli_cosmos_database.default - *terraform.NodeAbstractResource
  provider.azcli - *terraform.NodeApplyableProvider
provider.azcli - *terraform.NodeApplyableProvider
2019/05/18 11:05:37 [TRACE] Graph after step *terraform.ParentProviderTransformer:

azcli_cosmos_database.default - *terraform.NodeAbstractResource
  provider.azcli - *terraform.NodeApplyableProvider
provider.azcli - *terraform.NodeApplyableProvider
2019/05/18 11:05:37 [TRACE] Graph after step *terraform.graphTransformerMulti:

azcli_cosmos_database.default - *terraform.NodeAbstractResource
  provider.azcli - *terraform.NodeApplyableProvider
provider.azcli - *terraform.NodeApplyableProvider
2019/05/18 11:05:37 [TRACE] Graph after step *terraform.ModuleVariableTransformer:

azcli_cosmos_database.default - *terraform.NodeAbstractResource
  provider.azcli - *terraform.NodeApplyableProvider
provider.azcli - *terraform.NodeApplyableProvider
2019/05/18 11:05:37 [TRACE] Graph after step *terraform.RemovedModuleTransformer:

azcli_cosmos_database.default - *terraform.NodeAbstractResource
  provider.azcli - *terraform.NodeApplyableProvider
provider.azcli - *terraform.NodeApplyableProvider
2019/05/18 11:05:37 [DEBUG] ReferenceTransformer: "azcli_cosmos_database.default" references: []
2019/05/18 11:05:37 [DEBUG] ReferenceTransformer: "provider.azcli" references: []
2019/05/18 11:05:37 [TRACE] Graph after step *terraform.ReferenceTransformer:

azcli_cosmos_database.default - *terraform.NodeAbstractResource
  provider.azcli - *terraform.NodeApplyableProvider
provider.azcli - *terraform.NodeApplyableProvider
2019/05/18 11:05:37 [TRACE] Graph after step *terraform.CountBoundaryTransformer:

azcli_cosmos_database.default - *terraform.NodeAbstractResource
  provider.azcli - *terraform.NodeApplyableProvider
meta.count-boundary (count boundary fixup) - *terraform.NodeCountBoundary
  azcli_cosmos_database.default - *terraform.NodeAbstractResource
  provider.azcli - *terraform.NodeApplyableProvider
provider.azcli - *terraform.NodeApplyableProvider
2019/05/18 11:05:37 [TRACE] Graph after step *terraform.TargetsTransformer:

azcli_cosmos_database.default - *terraform.NodeAbstractResource
  provider.azcli - *terraform.NodeApplyableProvider
meta.count-boundary (count boundary fixup) - *terraform.NodeCountBoundary
  azcli_cosmos_database.default - *terraform.NodeAbstractResource
  provider.azcli - *terraform.NodeApplyableProvider
provider.azcli - *terraform.NodeApplyableProvider
2019/05/18 11:05:37 [TRACE] Graph after step *terraform.CloseProviderTransformer:

azcli_cosmos_database.default - *terraform.NodeAbstractResource
  provider.azcli - *terraform.NodeApplyableProvider
meta.count-boundary (count boundary fixup) - *terraform.NodeCountBoundary
  azcli_cosmos_database.default - *terraform.NodeAbstractResource
  provider.azcli - *terraform.NodeApplyableProvider
provider.azcli - *terraform.NodeApplyableProvider
provider.azcli (close) - *terraform.graphNodeCloseProvider
  azcli_cosmos_database.default - *terraform.NodeAbstractResource
  provider.azcli - *terraform.NodeApplyableProvider
2019/05/18 11:05:37 [TRACE] Graph after step *terraform.CloseProvisionerTransformer:

azcli_cosmos_database.default - *terraform.NodeAbstractResource
  provider.azcli - *terraform.NodeApplyableProvider
meta.count-boundary (count boundary fixup) - *terraform.NodeCountBoundary
  azcli_cosmos_database.default - *terraform.NodeAbstractResource
  provider.azcli - *terraform.NodeApplyableProvider
provider.azcli - *terraform.NodeApplyableProvider
provider.azcli (close) - *terraform.graphNodeCloseProvider
  azcli_cosmos_database.default - *terraform.NodeAbstractResource
  provider.azcli - *terraform.NodeApplyableProvider
2019/05/18 11:05:37 [TRACE] Graph after step *terraform.RootTransformer:

azcli_cosmos_database.default - *terraform.NodeAbstractResource
  provider.azcli - *terraform.NodeApplyableProvider
meta.count-boundary (count boundary fixup) - *terraform.NodeCountBoundary
  azcli_cosmos_database.default - *terraform.NodeAbstractResource
  provider.azcli - *terraform.NodeApplyableProvider
provider.azcli - *terraform.NodeApplyableProvider
provider.azcli (close) - *terraform.graphNodeCloseProvider
  azcli_cosmos_database.default - *terraform.NodeAbstractResource
  provider.azcli - *terraform.NodeApplyableProvider
root - terraform.graphNodeRoot
  meta.count-boundary (count boundary fixup) - *terraform.NodeCountBoundary
  provider.azcli (close) - *terraform.graphNodeCloseProvider
2019/05/18 11:05:37 [TRACE] Graph after step *terraform.TransitiveReductionTransformer:

azcli_cosmos_database.default - *terraform.NodeAbstractResource
  provider.azcli - *terraform.NodeApplyableProvider
meta.count-boundary (count boundary fixup) - *terraform.NodeCountBoundary
  azcli_cosmos_database.default - *terraform.NodeAbstractResource
provider.azcli - *terraform.NodeApplyableProvider
provider.azcli (close) - *terraform.graphNodeCloseProvider
  azcli_cosmos_database.default - *terraform.NodeAbstractResource
root - terraform.graphNodeRoot
  meta.count-boundary (count boundary fixup) - *terraform.NodeCountBoundary
  provider.azcli (close) - *terraform.graphNodeCloseProvider
2019/05/18 11:05:37 [DEBUG] Starting graph walk: walkInput
2019/05/18 11:05:37 [TRACE] dag/walk: added new vertex: "root"
2019/05/18 11:05:37 [TRACE] dag/walk: added new vertex: "azcli_cosmos_database.default"
2019/05/18 11:05:37 [TRACE] dag/walk: added new vertex: "provider.azcli"
2019/05/18 11:05:37 [TRACE] dag/walk: added new vertex: "meta.count-boundary (count boundary fixup)"
2019/05/18 11:05:37 [TRACE] dag/walk: added new vertex: "provider.azcli (close)"
2019/05/18 11:05:37 [TRACE] dag/walk: added edge: "root" waiting on "meta.count-boundary (count boundary fixup)"
2019/05/18 11:05:37 [TRACE] dag/walk: added edge: "root" waiting on "provider.azcli (close)"
2019/05/18 11:05:37 [TRACE] dag/walk: added edge: "azcli_cosmos_database.default" waiting on "provider.azcli"
2019/05/18 11:05:37 [TRACE] dag/walk: added edge: "meta.count-boundary (count boundary fixup)" waiting on "azcli_cosmos_database.default"
2019/05/18 11:05:37 [TRACE] dag/walk: added edge: "provider.azcli (close)" waiting on "azcli_cosmos_database.default"
2019/05/18 11:05:37 [TRACE] dag/walk: dependencies changed for "root", sending new deps
2019/05/18 11:05:37 [TRACE] dag/walk: dependencies changed for "azcli_cosmos_database.default", sending new deps
2019/05/18 11:05:37 [TRACE] dag/walk: dependencies changed for "meta.count-boundary (count boundary fixup)", sending new deps
2019/05/18 11:05:37 [TRACE] dag/walk: dependencies changed for "provider.azcli (close)", sending new deps
2019/05/18 11:05:37 [TRACE] dag/walk: walking "provider.azcli"
2019/05/18 11:05:37 [TRACE] vertex 'root.provider.azcli': walking
2019/05/18 11:05:37 [TRACE] vertex 'root.provider.azcli': evaluating
2019/05/18 11:05:37 [TRACE] [walkInput] Entering eval tree: provider.azcli
2019/05/18 11:05:37 [TRACE] root: eval: *terraform.EvalSequence
2019/05/18 11:05:37 [TRACE] root: eval: *terraform.EvalInitProvider
2019-05-18T11:05:37.767+0100 [DEBUG] plugin: starting plugin: path=C:\Users\belala\go\src\github.com\abelal83\terraform_provider_cosmosdb\terraform-provider-azcli.exe args=[C:\Users\belala\go\src\github.com\abelal83\terraform_provider_cosmosdb\terraform-provider-azcli.exe]
2019-05-18T11:05:37.774+0100 [DEBUG] plugin: waiting for RPC address: path=C:\Users\belala\go\src\github.com\abelal83\terraform_provider_cosmosdb\terraform-provider-azcli.exe
2019-05-18T11:05:37.794+0100 [DEBUG] plugin.terraform-provider-azcli.exe: plugin address: timestamp=2019-05-18T11:05:37.793+0100 address=127.0.0.1:10000 network=tcp
2019/05/18 11:05:37 [TRACE] root: eval: *terraform.EvalOpFilter
2019/05/18 11:05:37 [TRACE] root: eval: *terraform.EvalSequence
2019/05/18 11:05:37 [TRACE] root: eval: *terraform.EvalGetProvider
2019/05/18 11:05:37 [TRACE] root: eval: *terraform.EvalInterpolateProvider
2019/05/18 11:05:37 [TRACE] root: eval: *terraform.EvalBuildProviderConfig
2019/05/18 11:05:37 [TRACE] root: eval: *terraform.EvalInputProvider
2019/05/18 11:05:37 [TRACE] root: eval: terraform.EvalNoop
2019/05/18 11:05:37 [TRACE] root: eval: terraform.EvalNoop
2019/05/18 11:05:37 [TRACE] root: eval: terraform.EvalNoop
2019/05/18 11:05:37 [TRACE] [walkInput] Exiting eval tree: provider.azcli
2019/05/18 11:05:37 [TRACE] dag/walk: walking "azcli_cosmos_database.default"
2019/05/18 11:05:37 [TRACE] vertex 'root.azcli_cosmos_database.default': walking
2019/05/18 11:05:37 [TRACE] dag/walk: walking "meta.count-boundary (count boundary fixup)"
2019/05/18 11:05:37 [TRACE] vertex 'root.meta.count-boundary (count boundary fixup)': walking
2019/05/18 11:05:37 [TRACE] vertex 'root.meta.count-boundary (count boundary fixup)': evaluating
2019/05/18 11:05:37 [TRACE] [walkInput] Entering eval tree: meta.count-boundary (count boundary fixup)
2019/05/18 11:05:37 [TRACE] root: eval: *terraform.EvalCountFixZeroOneBoundaryGlobal
2019/05/18 11:05:37 [TRACE] [walkInput] Exiting eval tree: meta.count-boundary (count boundary fixup)
2019/05/18 11:05:37 [TRACE] dag/walk: walking "provider.azcli (close)"
2019/05/18 11:05:37 [TRACE] vertex 'root.provider.azcli (close)': walking
2019/05/18 11:05:37 [TRACE] vertex 'root.provider.azcli (close)': evaluating
2019/05/18 11:05:37 [TRACE] [walkInput] Entering eval tree: provider.azcli (close)
2019/05/18 11:05:37 [TRACE] root: eval: *terraform.EvalCloseProvider
2019/05/18 11:05:37 [TRACE] [walkInput] Exiting eval tree: provider.azcli (close)
2019/05/18 11:05:37 [TRACE] dag/walk: walking "root"
2019/05/18 11:05:37 [TRACE] vertex 'root.root': walking
2019/05/18 11:05:37 [INFO] terraform: building graph: GraphTypeValidate
2019/05/18 11:05:37 [TRACE] ConfigTransformer: Starting for path: []
2019/05/18 11:05:37 [TRACE] Graph after step *terraform.ConfigTransformer:

azcli_cosmos_database.default - *terraform.NodeValidatableResource
2019/05/18 11:05:37 [TRACE] Graph after step *terraform.LocalTransformer:

azcli_cosmos_database.default - *terraform.NodeValidatableResource
2019/05/18 11:05:37 [TRACE] Graph after step *terraform.OutputTransformer:

azcli_cosmos_database.default - *terraform.NodeValidatableResource
2019/05/18 11:05:37 [TRACE] Graph after step *terraform.OrphanResourceTransformer:

azcli_cosmos_database.default - *terraform.NodeValidatableResource
2019/05/18 11:05:37 [TRACE] Graph after step *terraform.OrphanOutputTransformer:

azcli_cosmos_database.default - *terraform.NodeValidatableResource
2019/05/18 11:05:37 [TRACE] AttachResourceConfigTransformer: Beginning...
2019/05/18 11:05:37 [TRACE] AttachResourceConfigTransformer: Attach resource config request: azcli_cosmos_database.default
2019/05/18 11:05:37 [TRACE] Attaching resource config: &config.Resource{Mode:0, Name:"default", Type:"azcli_cosmos_database", RawCount:(*config.RawConfig)(0xc04237aee0), RawConfig:(*config.RawConfig)(0xc04237ae70), Provisioners:[]*config.Provisioner(nil), Provider:"", DependsOn:[]string(nil), Lifecycle:config.ResourceLifecycle{CreateBeforeDestroy:false, PreventDestroy:false, IgnoreChanges:[]string(nil)}}
2019/05/18 11:05:37 [TRACE] Graph after step *terraform.AttachResourceConfigTransformer:

azcli_cosmos_database.default - *terraform.NodeValidatableResource
2019/05/18 11:05:37 [DEBUG] Resource state not found for "azcli_cosmos_database.default": azcli_cosmos_database.default
2019/05/18 11:05:37 [TRACE] Graph after step *terraform.AttachStateTransformer:

azcli_cosmos_database.default - *terraform.NodeValidatableResource
2019/05/18 11:05:37 [TRACE] Graph after step *terraform.RootVariableTransformer:

azcli_cosmos_database.default - *terraform.NodeValidatableResource
2019/05/18 11:05:37 [TRACE] ProviderConfigTransformer: Starting for path: []
2019/05/18 11:05:37 [TRACE] Attach provider request: []string{} azcli
2019/05/18 11:05:37 [TRACE] Attaching provider config: *config.ProviderConfig{Name:"azcli", Alias:"", Version:"", RawConfig:(*config.RawConfig)(0xc04237ae00)}
2019/05/18 11:05:37 [TRACE] Graph after step *terraform.ProviderConfigTransformer:

azcli_cosmos_database.default - *terraform.NodeValidatableResource
provider.azcli - *terraform.NodeApplyableProvider
2019/05/18 11:05:37 [TRACE] Graph after step *terraform.MissingProviderTransformer:

azcli_cosmos_database.default - *terraform.NodeValidatableResource
provider.azcli - *terraform.NodeApplyableProvider
2019/05/18 11:05:37 [DEBUG] resource azcli_cosmos_database.default using provider provider.azcli
2019/05/18 11:05:37 [TRACE] Graph after step *terraform.ProviderTransformer:

azcli_cosmos_database.default - *terraform.NodeValidatableResource
  provider.azcli - *terraform.NodeApplyableProvider
provider.azcli - *terraform.NodeApplyableProvider
2019/05/18 11:05:37 [TRACE] Graph after step *terraform.PruneProviderTransformer:

azcli_cosmos_database.default - *terraform.NodeValidatableResource
  provider.azcli - *terraform.NodeApplyableProvider
provider.azcli - *terraform.NodeApplyableProvider
2019/05/18 11:05:37 [TRACE] Graph after step *terraform.ParentProviderTransformer:

azcli_cosmos_database.default - *terraform.NodeValidatableResource
  provider.azcli - *terraform.NodeApplyableProvider
provider.azcli - *terraform.NodeApplyableProvider
2019/05/18 11:05:37 [TRACE] Graph after step *terraform.graphTransformerMulti:

azcli_cosmos_database.default - *terraform.NodeValidatableResource
  provider.azcli - *terraform.NodeApplyableProvider
provider.azcli - *terraform.NodeApplyableProvider
2019/05/18 11:05:37 [TRACE] Graph after step *terraform.MissingProvisionerTransformer:

azcli_cosmos_database.default - *terraform.NodeValidatableResource
  provider.azcli - *terraform.NodeApplyableProvider
provider.azcli - *terraform.NodeApplyableProvider
2019/05/18 11:05:37 [TRACE] Graph after step *terraform.ProvisionerTransformer:

azcli_cosmos_database.default - *terraform.NodeValidatableResource
  provider.azcli - *terraform.NodeApplyableProvider
provider.azcli - *terraform.NodeApplyableProvider
2019/05/18 11:05:37 [TRACE] Graph after step *terraform.graphTransformerMulti:

azcli_cosmos_database.default - *terraform.NodeValidatableResource
  provider.azcli - *terraform.NodeApplyableProvider
provider.azcli - *terraform.NodeApplyableProvider
2019/05/18 11:05:37 [TRACE] Graph after step *terraform.ModuleVariableTransformer:

azcli_cosmos_database.default - *terraform.NodeValidatableResource
  provider.azcli - *terraform.NodeApplyableProvider
provider.azcli - *terraform.NodeApplyableProvider
2019/05/18 11:05:37 [TRACE] Graph after step *terraform.RemovedModuleTransformer:

azcli_cosmos_database.default - *terraform.NodeValidatableResource
  provider.azcli - *terraform.NodeApplyableProvider
provider.azcli - *terraform.NodeApplyableProvider
2019/05/18 11:05:37 [DEBUG] ReferenceTransformer: "azcli_cosmos_database.default" references: []
2019/05/18 11:05:37 [DEBUG] ReferenceTransformer: "provider.azcli" references: []
2019/05/18 11:05:37 [TRACE] Graph after step *terraform.ReferenceTransformer:

azcli_cosmos_database.default - *terraform.NodeValidatableResource
  provider.azcli - *terraform.NodeApplyableProvider
provider.azcli - *terraform.NodeApplyableProvider
2019/05/18 11:05:37 [TRACE] Graph after step *terraform.CountBoundaryTransformer:

azcli_cosmos_database.default - *terraform.NodeValidatableResource
  provider.azcli - *terraform.NodeApplyableProvider
meta.count-boundary (count boundary fixup) - *terraform.NodeCountBoundary
  azcli_cosmos_database.default - *terraform.NodeValidatableResource
  provider.azcli - *terraform.NodeApplyableProvider
provider.azcli - *terraform.NodeApplyableProvider
2019/05/18 11:05:37 [TRACE] Graph after step *terraform.TargetsTransformer:

azcli_cosmos_database.default - *terraform.NodeValidatableResource
  provider.azcli - *terraform.NodeApplyableProvider
meta.count-boundary (count boundary fixup) - *terraform.NodeCountBoundary
  azcli_cosmos_database.default - *terraform.NodeValidatableResource
  provider.azcli - *terraform.NodeApplyableProvider
provider.azcli - *terraform.NodeApplyableProvider
2019/05/18 11:05:37 [TRACE] Graph after step *terraform.CloseProviderTransformer:

azcli_cosmos_database.default - *terraform.NodeValidatableResource
  provider.azcli - *terraform.NodeApplyableProvider
meta.count-boundary (count boundary fixup) - *terraform.NodeCountBoundary
  azcli_cosmos_database.default - *terraform.NodeValidatableResource
  provider.azcli - *terraform.NodeApplyableProvider
provider.azcli - *terraform.NodeApplyableProvider
provider.azcli (close) - *terraform.graphNodeCloseProvider
  azcli_cosmos_database.default - *terraform.NodeValidatableResource
  provider.azcli - *terraform.NodeApplyableProvider
2019/05/18 11:05:37 [TRACE] Graph after step *terraform.CloseProvisionerTransformer:

azcli_cosmos_database.default - *terraform.NodeValidatableResource
  provider.azcli - *terraform.NodeApplyableProvider
meta.count-boundary (count boundary fixup) - *terraform.NodeCountBoundary
  azcli_cosmos_database.default - *terraform.NodeValidatableResource
  provider.azcli - *terraform.NodeApplyableProvider
provider.azcli - *terraform.NodeApplyableProvider
provider.azcli (close) - *terraform.graphNodeCloseProvider
  azcli_cosmos_database.default - *terraform.NodeValidatableResource
  provider.azcli - *terraform.NodeApplyableProvider
2019/05/18 11:05:37 [TRACE] Graph after step *terraform.RootTransformer:

azcli_cosmos_database.default - *terraform.NodeValidatableResource
  provider.azcli - *terraform.NodeApplyableProvider
meta.count-boundary (count boundary fixup) - *terraform.NodeCountBoundary
  azcli_cosmos_database.default - *terraform.NodeValidatableResource
  provider.azcli - *terraform.NodeApplyableProvider
provider.azcli - *terraform.NodeApplyableProvider
provider.azcli (close) - *terraform.graphNodeCloseProvider
  azcli_cosmos_database.default - *terraform.NodeValidatableResource
  provider.azcli - *terraform.NodeApplyableProvider
root - terraform.graphNodeRoot
  meta.count-boundary (count boundary fixup) - *terraform.NodeCountBoundary
  provider.azcli (close) - *terraform.graphNodeCloseProvider
2019/05/18 11:05:37 [TRACE] Graph after step *terraform.TransitiveReductionTransformer:

azcli_cosmos_database.default - *terraform.NodeValidatableResource
  provider.azcli - *terraform.NodeApplyableProvider
meta.count-boundary (count boundary fixup) - *terraform.NodeCountBoundary
  azcli_cosmos_database.default - *terraform.NodeValidatableResource
provider.azcli - *terraform.NodeApplyableProvider
provider.azcli (close) - *terraform.graphNodeCloseProvider
  azcli_cosmos_database.default - *terraform.NodeValidatableResource
root - terraform.graphNodeRoot
  meta.count-boundary (count boundary fixup) - *terraform.NodeCountBoundary
  provider.azcli (close) - *terraform.graphNodeCloseProvider
2019/05/18 11:05:37 [DEBUG] Starting graph walk: walkValidate
2019/05/18 11:05:37 [TRACE] dag/walk: added new vertex: "root"
2019/05/18 11:05:37 [TRACE] dag/walk: added new vertex: "azcli_cosmos_database.default"
2019/05/18 11:05:37 [TRACE] dag/walk: added new vertex: "provider.azcli"
2019/05/18 11:05:37 [TRACE] dag/walk: added new vertex: "meta.count-boundary (count boundary fixup)"
2019/05/18 11:05:37 [TRACE] dag/walk: added new vertex: "provider.azcli (close)"
2019/05/18 11:05:37 [TRACE] dag/walk: added edge: "provider.azcli (close)" waiting on "azcli_cosmos_database.default"
2019/05/18 11:05:37 [TRACE] dag/walk: added edge: "root" waiting on "meta.count-boundary (count boundary fixup)"
2019/05/18 11:05:37 [TRACE] dag/walk: added edge: "root" waiting on "provider.azcli (close)"
2019/05/18 11:05:37 [TRACE] dag/walk: added edge: "azcli_cosmos_database.default" waiting on "provider.azcli"
2019/05/18 11:05:37 [TRACE] dag/walk: added edge: "meta.count-boundary (count boundary fixup)" waiting on "azcli_cosmos_database.default"
2019/05/18 11:05:37 [TRACE] dag/walk: dependencies changed for "provider.azcli (close)", sending new deps
2019/05/18 11:05:37 [TRACE] dag/walk: dependencies changed for "root", sending new deps
2019/05/18 11:05:37 [TRACE] dag/walk: dependencies changed for "azcli_cosmos_database.default", sending new deps
2019/05/18 11:05:37 [TRACE] dag/walk: dependencies changed for "meta.count-boundary (count boundary fixup)", sending new deps
2019/05/18 11:05:37 [TRACE] dag/walk: walking "provider.azcli"
2019/05/18 11:05:37 [TRACE] vertex 'root.provider.azcli': walking
2019/05/18 11:05:37 [TRACE] vertex 'root.provider.azcli': evaluating
2019/05/18 11:05:37 [TRACE] [walkValidate] Entering eval tree: provider.azcli
2019/05/18 11:05:37 [TRACE] root: eval: *terraform.EvalSequence
2019/05/18 11:05:37 [TRACE] root: eval: *terraform.EvalInitProvider
2019/05/18 11:05:37 [TRACE] root: eval: terraform.EvalNoop
2019/05/18 11:05:37 [TRACE] root: eval: *terraform.EvalOpFilter
2019/05/18 11:05:37 [TRACE] root: eval: *terraform.EvalSequence
2019/05/18 11:05:37 [TRACE] root: eval: *terraform.EvalGetProvider
2019/05/18 11:05:37 [TRACE] root: eval: *terraform.EvalInterpolateProvider
2019/05/18 11:05:37 [TRACE] root: eval: *terraform.EvalBuildProviderConfig
2019/05/18 11:05:37 [TRACE] root: eval: *terraform.EvalValidateProvider
2019/05/18 11:05:37 [TRACE] root: eval: terraform.EvalNoop
2019/05/18 11:05:37 [TRACE] root: eval: terraform.EvalNoop
2019/05/18 11:05:37 [TRACE] [walkValidate] Exiting eval tree: provider.azcli
2019/05/18 11:05:37 [TRACE] dag/walk: walking "azcli_cosmos_database.default"
2019/05/18 11:05:37 [TRACE] vertex 'root.azcli_cosmos_database.default': walking
2019/05/18 11:05:37 [TRACE] vertex 'root.azcli_cosmos_database.default': evaluating
2019/05/18 11:05:37 [TRACE] [walkValidate] Entering eval tree: azcli_cosmos_database.default
2019/05/18 11:05:37 [TRACE] root: eval: *terraform.EvalSequence
2019/05/18 11:05:37 [TRACE] root: eval: *terraform.EvalInterpolate
2019/05/18 11:05:37 [TRACE] root: eval: *terraform.EvalIf
2019/05/18 11:05:37 [TRACE] root: eval: *terraform.EvalValidateCount
2019/05/18 11:05:37 [TRACE] root: eval: *terraform.EvalCountFixZeroOneBoundary
2019/05/18 11:05:37 [TRACE] [walkValidate] Exiting eval tree: azcli_cosmos_database.default
2019/05/18 11:05:37 [TRACE] vertex 'root.azcli_cosmos_database.default': expanding/walking dynamic subgraph
2019/05/18 11:05:37 [TRACE] Graph after step *terraform.ResourceCountTransformer:

azcli_cosmos_database.default - *terraform.NodeValidatableResourceInstance
2019/05/18 11:05:37 [DEBUG] Resource state not found for "azcli_cosmos_database.default": azcli_cosmos_database.default
2019/05/18 11:05:37 [TRACE] Graph after step *terraform.AttachStateTransformer:

azcli_cosmos_database.default - *terraform.NodeValidatableResourceInstance
2019/05/18 11:05:37 [TRACE] Graph after step *terraform.TargetsTransformer:

azcli_cosmos_database.default - *terraform.NodeValidatableResourceInstance
2019/05/18 11:05:37 [DEBUG] ReferenceTransformer: "azcli_cosmos_database.default" references: []
2019/05/18 11:05:37 [TRACE] Graph after step *terraform.ReferenceTransformer:

azcli_cosmos_database.default - *terraform.NodeValidatableResourceInstance
2019/05/18 11:05:37 [TRACE] Graph after step *terraform.RootTransformer:

azcli_cosmos_database.default - *terraform.NodeValidatableResourceInstance
2019/05/18 11:05:37 [TRACE] dag/walk: added new vertex: "azcli_cosmos_database.default"
2019/05/18 11:05:37 [TRACE] dag/walk: walking "azcli_cosmos_database.default"
2019/05/18 11:05:37 [TRACE] vertex 'root.azcli_cosmos_database.default': walking
2019/05/18 11:05:37 [TRACE] vertex 'root.azcli_cosmos_database.default': evaluating
2019/05/18 11:05:37 [TRACE] [walkValidate] Entering eval tree: azcli_cosmos_database.default
2019/05/18 11:05:37 [TRACE] root: eval: *terraform.EvalSequence
2019/05/18 11:05:37 [TRACE] root: eval: *terraform.EvalValidateResourceSelfRef
2019/05/18 11:05:37 [TRACE] root: eval: *terraform.EvalGetProvider
2019/05/18 11:05:37 [TRACE] root: eval: *terraform.EvalInterpolate
2019/05/18 11:05:37 [TRACE] root: eval: *terraform.EvalValidateResource
2019/05/18 11:05:37 [TRACE] [walkValidate] Exiting eval tree: azcli_cosmos_database.default
2019/05/18 11:05:37 [TRACE] dag/walk: walking "provider.azcli (close)"
2019/05/18 11:05:37 [TRACE] dag/walk: walking "meta.count-boundary (count boundary fixup)"
2019/05/18 11:05:37 [TRACE] vertex 'root.meta.count-boundary (count boundary fixup)': walking
2019/05/18 11:05:37 [TRACE] vertex 'root.provider.azcli (close)': walking
2019/05/18 11:05:37 [TRACE] vertex 'root.meta.count-boundary (count boundary fixup)': evaluating
2019/05/18 11:05:37 [TRACE] [walkValidate] Entering eval tree: meta.count-boundary (count boundary fixup)
2019/05/18 11:05:37 [TRACE] root: eval: *terraform.EvalCountFixZeroOneBoundaryGlobal
2019/05/18 11:05:37 [TRACE] [walkValidate] Exiting eval tree: meta.count-boundary (count boundary fixup)
2019/05/18 11:05:37 [TRACE] vertex 'root.provider.azcli (close)': evaluating
2019/05/18 11:05:37 [TRACE] [walkValidate] Entering eval tree: provider.azcli (close)
2019/05/18 11:05:37 [TRACE] root: eval: *terraform.EvalCloseProvider
2019/05/18 11:05:37 [TRACE] [walkValidate] Exiting eval tree: provider.azcli (close)
2019/05/18 11:05:37 [TRACE] dag/walk: walking "root"
2019/05/18 11:05:37 [TRACE] vertex 'root.root': walking
2019/05/18 11:05:37 [INFO] backend/local: apply calling Refresh
2019/05/18 11:05:37 [INFO] terraform: building graph: GraphTypeRefresh
2019/05/18 11:05:37 [TRACE] No managed resources in state during refresh, skipping managed resource transformer
2019/05/18 11:05:37 [TRACE] ConfigTransformer: Starting for path: []
2019/05/18 11:05:37 [TRACE] Graph after step *terraform.ConfigTransformer:

2019/05/18 11:05:37 [TRACE] Graph after step *terraform.OrphanResourceTransformer:

2019/05/18 11:05:37 [TRACE] Graph after step *terraform.AttachStateTransformer:

2019/05/18 11:05:37 [TRACE] AttachResourceConfigTransformer: Beginning...
2019/05/18 11:05:37 [TRACE] Graph after step *terraform.AttachResourceConfigTransformer:

2019/05/18 11:05:37 [TRACE] Graph after step *terraform.RootVariableTransformer:

2019/05/18 11:05:37 [TRACE] ProviderConfigTransformer: Starting for path: []
2019/05/18 11:05:37 [TRACE] Attach provider request: []string{} azcli
2019/05/18 11:05:37 [TRACE] Attaching provider config: *config.ProviderConfig{Name:"azcli", Alias:"", Version:"", RawConfig:(*config.RawConfig)(0xc04237ae00)}
2019/05/18 11:05:37 [TRACE] Graph after step *terraform.ProviderConfigTransformer:

provider.azcli - *terraform.NodeApplyableProvider
2019/05/18 11:05:37 [TRACE] Graph after step *terraform.MissingProviderTransformer:

provider.azcli - *terraform.NodeApplyableProvider
2019/05/18 11:05:37 [TRACE] Graph after step *terraform.ProviderTransformer:

provider.azcli - *terraform.NodeApplyableProvider
2019/05/18 11:05:37 [DEBUG] pruning unused provider provider.azcli
2019/05/18 11:05:37 [TRACE] Graph after step *terraform.PruneProviderTransformer:

2019/05/18 11:05:37 [TRACE] Graph after step *terraform.ParentProviderTransformer:

2019/05/18 11:05:37 [TRACE] Graph after step *terraform.graphTransformerMulti:

2019/05/18 11:05:37 [TRACE] Graph after step *terraform.LocalTransformer:

2019/05/18 11:05:37 [TRACE] Graph after step *terraform.OutputTransformer:

2019/05/18 11:05:37 [TRACE] Graph after step *terraform.ModuleVariableTransformer:

2019/05/18 11:05:37 [TRACE] Graph after step *terraform.ReferenceTransformer:

2019/05/18 11:05:37 [TRACE] Graph after step *terraform.TargetsTransformer:

2019/05/18 11:05:37 [TRACE] Graph after step *terraform.CloseProviderTransformer:

2019/05/18 11:05:37 [TRACE] Graph after step *terraform.RootTransformer:

root - terraform.graphNodeRoot
2019/05/18 11:05:37 [TRACE] Graph after step *terraform.TransitiveReductionTransformer:

root - terraform.graphNodeRoot
2019/05/18 11:05:37 [DEBUG] Starting graph walk: walkRefresh
2019/05/18 11:05:37 [TRACE] dag/walk: added new vertex: "root"
2019/05/18 11:05:37 [TRACE] dag/walk: walking "root"
2019/05/18 11:05:37 [TRACE] vertex 'root.root': walking
2019/05/18 11:05:37 [INFO] backend/local: apply calling Plan
2019/05/18 11:05:37 [INFO] terraform: building graph: GraphTypePlan
2019/05/18 11:05:37 [TRACE] ConfigTransformer: Starting for path: []
2019/05/18 11:05:37 [TRACE] Graph after step *terraform.ConfigTransformer:

azcli_cosmos_database.default - *terraform.NodePlannableResource
2019/05/18 11:05:37 [TRACE] Graph after step *terraform.LocalTransformer:

azcli_cosmos_database.default - *terraform.NodePlannableResource
2019/05/18 11:05:37 [TRACE] Graph after step *terraform.OutputTransformer:

azcli_cosmos_database.default - *terraform.NodePlannableResource
2019/05/18 11:05:37 [TRACE] Graph after step *terraform.OrphanResourceTransformer:

azcli_cosmos_database.default - *terraform.NodePlannableResource
2019/05/18 11:05:37 [TRACE] Graph after step *terraform.OrphanOutputTransformer:

azcli_cosmos_database.default - *terraform.NodePlannableResource
2019/05/18 11:05:37 [TRACE] AttachResourceConfigTransformer: Beginning...
2019/05/18 11:05:37 [TRACE] AttachResourceConfigTransformer: Attach resource config request: azcli_cosmos_database.default
2019/05/18 11:05:37 [TRACE] Attaching resource config: &config.Resource{Mode:0, Name:"default", Type:"azcli_cosmos_database", RawCount:(*config.RawConfig)(0xc04237aee0), RawConfig:(*config.RawConfig)(0xc04237ae70), Provisioners:[]*config.Provisioner(nil), Provider:"", DependsOn:[]string(nil), Lifecycle:config.ResourceLifecycle{CreateBeforeDestroy:false, PreventDestroy:false, IgnoreChanges:[]string(nil)}}
2019/05/18 11:05:37 [TRACE] Graph after step *terraform.AttachResourceConfigTransformer:

azcli_cosmos_database.default - *terraform.NodePlannableResource
2019/05/18 11:05:37 [DEBUG] Resource state not found for "azcli_cosmos_database.default": azcli_cosmos_database.default
2019/05/18 11:05:37 [TRACE] Graph after step *terraform.AttachStateTransformer:

azcli_cosmos_database.default - *terraform.NodePlannableResource
2019/05/18 11:05:37 [TRACE] Graph after step *terraform.RootVariableTransformer:

azcli_cosmos_database.default - *terraform.NodePlannableResource
2019/05/18 11:05:37 [TRACE] ProviderConfigTransformer: Starting for path: []
2019/05/18 11:05:37 [TRACE] Attach provider request: []string{} azcli
2019/05/18 11:05:37 [TRACE] Attaching provider config: *config.ProviderConfig{Name:"azcli", Alias:"", Version:"", RawConfig:(*config.RawConfig)(0xc04237ae00)}
2019/05/18 11:05:37 [TRACE] Graph after step *terraform.ProviderConfigTransformer:

azcli_cosmos_database.default - *terraform.NodePlannableResource
provider.azcli - *terraform.NodeApplyableProvider
2019/05/18 11:05:37 [TRACE] Graph after step *terraform.MissingProviderTransformer:

azcli_cosmos_database.default - *terraform.NodePlannableResource
provider.azcli - *terraform.NodeApplyableProvider
2019/05/18 11:05:37 [DEBUG] resource azcli_cosmos_database.default using provider provider.azcli
2019/05/18 11:05:37 [TRACE] Graph after step *terraform.ProviderTransformer:

azcli_cosmos_database.default - *terraform.NodePlannableResource
  provider.azcli - *terraform.NodeApplyableProvider
provider.azcli - *terraform.NodeApplyableProvider
2019/05/18 11:05:37 [TRACE] Graph after step *terraform.PruneProviderTransformer:

azcli_cosmos_database.default - *terraform.NodePlannableResource
  provider.azcli - *terraform.NodeApplyableProvider
provider.azcli - *terraform.NodeApplyableProvider
2019/05/18 11:05:37 [TRACE] Graph after step *terraform.ParentProviderTransformer:

azcli_cosmos_database.default - *terraform.NodePlannableResource
  provider.azcli - *terraform.NodeApplyableProvider
provider.azcli - *terraform.NodeApplyableProvider
2019/05/18 11:05:37 [TRACE] Graph after step *terraform.graphTransformerMulti:

azcli_cosmos_database.default - *terraform.NodePlannableResource
  provider.azcli - *terraform.NodeApplyableProvider
provider.azcli - *terraform.NodeApplyableProvider
2019/05/18 11:05:37 [TRACE] Graph after step *terraform.ModuleVariableTransformer:

azcli_cosmos_database.default - *terraform.NodePlannableResource
  provider.azcli - *terraform.NodeApplyableProvider
provider.azcli - *terraform.NodeApplyableProvider
2019/05/18 11:05:37 [TRACE] Graph after step *terraform.RemovedModuleTransformer:

azcli_cosmos_database.default - *terraform.NodePlannableResource
  provider.azcli - *terraform.NodeApplyableProvider
provider.azcli - *terraform.NodeApplyableProvider
2019/05/18 11:05:37 [DEBUG] ReferenceTransformer: "azcli_cosmos_database.default" references: []
2019/05/18 11:05:37 [DEBUG] ReferenceTransformer: "provider.azcli" references: []
2019/05/18 11:05:37 [TRACE] Graph after step *terraform.ReferenceTransformer:

azcli_cosmos_database.default - *terraform.NodePlannableResource
  provider.azcli - *terraform.NodeApplyableProvider
provider.azcli - *terraform.NodeApplyableProvider
2019/05/18 11:05:37 [TRACE] Graph after step *terraform.CountBoundaryTransformer:

azcli_cosmos_database.default - *terraform.NodePlannableResource
  provider.azcli - *terraform.NodeApplyableProvider
meta.count-boundary (count boundary fixup) - *terraform.NodeCountBoundary
  azcli_cosmos_database.default - *terraform.NodePlannableResource
  provider.azcli - *terraform.NodeApplyableProvider
provider.azcli - *terraform.NodeApplyableProvider
2019/05/18 11:05:37 [TRACE] Graph after step *terraform.TargetsTransformer:

azcli_cosmos_database.default - *terraform.NodePlannableResource
  provider.azcli - *terraform.NodeApplyableProvider
meta.count-boundary (count boundary fixup) - *terraform.NodeCountBoundary
  azcli_cosmos_database.default - *terraform.NodePlannableResource
  provider.azcli - *terraform.NodeApplyableProvider
provider.azcli - *terraform.NodeApplyableProvider
2019/05/18 11:05:37 [TRACE] Graph after step *terraform.CloseProviderTransformer:

azcli_cosmos_database.default - *terraform.NodePlannableResource
  provider.azcli - *terraform.NodeApplyableProvider
meta.count-boundary (count boundary fixup) - *terraform.NodeCountBoundary
  azcli_cosmos_database.default - *terraform.NodePlannableResource
  provider.azcli - *terraform.NodeApplyableProvider
provider.azcli - *terraform.NodeApplyableProvider
provider.azcli (close) - *terraform.graphNodeCloseProvider
  azcli_cosmos_database.default - *terraform.NodePlannableResource
  provider.azcli - *terraform.NodeApplyableProvider
2019/05/18 11:05:37 [TRACE] Graph after step *terraform.CloseProvisionerTransformer:

azcli_cosmos_database.default - *terraform.NodePlannableResource
  provider.azcli - *terraform.NodeApplyableProvider
meta.count-boundary (count boundary fixup) - *terraform.NodeCountBoundary
  azcli_cosmos_database.default - *terraform.NodePlannableResource
  provider.azcli - *terraform.NodeApplyableProvider
provider.azcli - *terraform.NodeApplyableProvider
provider.azcli (close) - *terraform.graphNodeCloseProvider
  azcli_cosmos_database.default - *terraform.NodePlannableResource
  provider.azcli - *terraform.NodeApplyableProvider
2019/05/18 11:05:37 [TRACE] Graph after step *terraform.RootTransformer:

azcli_cosmos_database.default - *terraform.NodePlannableResource
  provider.azcli - *terraform.NodeApplyableProvider
meta.count-boundary (count boundary fixup) - *terraform.NodeCountBoundary
  azcli_cosmos_database.default - *terraform.NodePlannableResource
  provider.azcli - *terraform.NodeApplyableProvider
provider.azcli - *terraform.NodeApplyableProvider
provider.azcli (close) - *terraform.graphNodeCloseProvider
  azcli_cosmos_database.default - *terraform.NodePlannableResource
  provider.azcli - *terraform.NodeApplyableProvider
root - terraform.graphNodeRoot
  meta.count-boundary (count boundary fixup) - *terraform.NodeCountBoundary
  provider.azcli (close) - *terraform.graphNodeCloseProvider
2019/05/18 11:05:37 [TRACE] Graph after step *terraform.TransitiveReductionTransformer:

azcli_cosmos_database.default - *terraform.NodePlannableResource
  provider.azcli - *terraform.NodeApplyableProvider
meta.count-boundary (count boundary fixup) - *terraform.NodeCountBoundary
  azcli_cosmos_database.default - *terraform.NodePlannableResource
provider.azcli - *terraform.NodeApplyableProvider
provider.azcli (close) - *terraform.graphNodeCloseProvider
  azcli_cosmos_database.default - *terraform.NodePlannableResource
root - terraform.graphNodeRoot
  meta.count-boundary (count boundary fixup) - *terraform.NodeCountBoundary
  provider.azcli (close) - *terraform.graphNodeCloseProvider
2019/05/18 11:05:37 [DEBUG] Starting graph walk: walkPlan
2019/05/18 11:05:37 [TRACE] dag/walk: added new vertex: "provider.azcli (close)"
2019/05/18 11:05:37 [TRACE] dag/walk: added new vertex: "root"
2019/05/18 11:05:37 [TRACE] dag/walk: added new vertex: "azcli_cosmos_database.default"
2019/05/18 11:05:37 [TRACE] dag/walk: added new vertex: "provider.azcli"
2019/05/18 11:05:37 [TRACE] dag/walk: added new vertex: "meta.count-boundary (count boundary fixup)"
2019/05/18 11:05:37 [TRACE] dag/walk: added edge: "provider.azcli (close)" waiting on "azcli_cosmos_database.default"
2019/05/18 11:05:37 [TRACE] dag/walk: added edge: "root" waiting on "meta.count-boundary (count boundary fixup)"
2019/05/18 11:05:37 [TRACE] dag/walk: added edge: "root" waiting on "provider.azcli (close)"
2019/05/18 11:05:37 [TRACE] dag/walk: added edge: "azcli_cosmos_database.default" waiting on "provider.azcli"
2019/05/18 11:05:37 [TRACE] dag/walk: added edge: "meta.count-boundary (count boundary fixup)" waiting on "azcli_cosmos_database.default"
2019/05/18 11:05:37 [TRACE] dag/walk: dependencies changed for "azcli_cosmos_database.default", sending new deps
2019/05/18 11:05:37 [TRACE] dag/walk: dependencies changed for "meta.count-boundary (count boundary fixup)", sending new deps
2019/05/18 11:05:37 [TRACE] dag/walk: dependencies changed for "provider.azcli (close)", sending new deps
2019/05/18 11:05:37 [TRACE] dag/walk: dependencies changed for "root", sending new deps
2019/05/18 11:05:37 [TRACE] dag/walk: walking "provider.azcli"
2019/05/18 11:05:37 [TRACE] vertex 'root.provider.azcli': walking
2019/05/18 11:05:37 [TRACE] vertex 'root.provider.azcli': evaluating
2019/05/18 11:05:37 [TRACE] [walkPlan] Entering eval tree: provider.azcli
2019/05/18 11:05:37 [TRACE] root: eval: *terraform.EvalSequence
2019/05/18 11:05:37 [TRACE] root: eval: *terraform.EvalInitProvider
2019/05/18 11:05:37 [TRACE] root: eval: terraform.EvalNoop
2019/05/18 11:05:37 [TRACE] root: eval: terraform.EvalNoop
2019/05/18 11:05:37 [TRACE] root: eval: *terraform.EvalOpFilter
2019/05/18 11:05:37 [TRACE] root: eval: *terraform.EvalSequence
2019/05/18 11:05:37 [TRACE] root: eval: *terraform.EvalGetProvider
2019/05/18 11:05:37 [TRACE] root: eval: *terraform.EvalInterpolateProvider
2019/05/18 11:05:37 [TRACE] root: eval: *terraform.EvalBuildProviderConfig
2019/05/18 11:05:37 [TRACE] root: eval: *terraform.EvalOpFilter
2019/05/18 11:05:37 [TRACE] root: eval: *terraform.EvalSequence
2019/05/18 11:05:37 [TRACE] root: eval: *terraform.EvalConfigProvider
2019-05-18T11:05:39.808+0100 [DEBUG] plugin.terraform-provider-azcli.exe: 2019/05/18 11:05:39 az cli output is valid json
2019-05-18T11:05:39.808+0100 [DEBUG] plugin.terraform-provider-azcli.exe: 2019/05/18 11:05:39 az cli connected to Visual Studio Enterprise – MPN
2019/05/18 11:05:39 [TRACE] [walkPlan] Exiting eval tree: provider.azcli
2019/05/18 11:05:39 [TRACE] dag/walk: walking "azcli_cosmos_database.default"
2019/05/18 11:05:39 [TRACE] vertex 'root.azcli_cosmos_database.default': walking
2019/05/18 11:05:39 [TRACE] vertex 'root.azcli_cosmos_database.default': evaluating
2019/05/18 11:05:39 [TRACE] [walkPlan] Entering eval tree: azcli_cosmos_database.default
2019/05/18 11:05:39 [TRACE] root: eval: *terraform.EvalSequence
2019/05/18 11:05:39 [TRACE] root: eval: *terraform.EvalInterpolate
2019/05/18 11:05:39 [TRACE] root: eval: *terraform.EvalCountCheckComputed
2019/05/18 11:05:39 [TRACE] root: eval: *terraform.EvalIf
2019/05/18 11:05:39 [TRACE] root: eval: *terraform.EvalCountFixZeroOneBoundary
2019/05/18 11:05:39 [TRACE] [walkPlan] Exiting eval tree: azcli_cosmos_database.default
2019/05/18 11:05:39 [TRACE] vertex 'root.azcli_cosmos_database.default': expanding/walking dynamic subgraph
2019/05/18 11:05:39 [TRACE] Graph after step *terraform.ResourceCountTransformer:

azcli_cosmos_database.default - *terraform.NodePlannableResourceInstance
2019/05/18 11:05:39 [TRACE] OrphanResourceCount: Starting...
2019/05/18 11:05:39 [TRACE] Graph after step *terraform.OrphanResourceCountTransformer:

azcli_cosmos_database.default - *terraform.NodePlannableResourceInstance
2019/05/18 11:05:39 [DEBUG] Resource state not found for "azcli_cosmos_database.default": azcli_cosmos_database.default
2019/05/18 11:05:39 [TRACE] Graph after step *terraform.AttachStateTransformer:

azcli_cosmos_database.default - *terraform.NodePlannableResourceInstance
2019/05/18 11:05:39 [TRACE] Graph after step *terraform.TargetsTransformer:

azcli_cosmos_database.default - *terraform.NodePlannableResourceInstance
2019/05/18 11:05:39 [DEBUG] ReferenceTransformer: "azcli_cosmos_database.default" references: []
2019/05/18 11:05:39 [TRACE] Graph after step *terraform.ReferenceTransformer:

azcli_cosmos_database.default - *terraform.NodePlannableResourceInstance
2019/05/18 11:05:39 [TRACE] Graph after step *terraform.RootTransformer:

azcli_cosmos_database.default - *terraform.NodePlannableResourceInstance
2019/05/18 11:05:39 [TRACE] dag/walk: added new vertex: "azcli_cosmos_database.default"
2019/05/18 11:05:39 [TRACE] dag/walk: walking "azcli_cosmos_database.default"
2019/05/18 11:05:39 [TRACE] vertex 'root.azcli_cosmos_database.default': walking
2019/05/18 11:05:39 [TRACE] vertex 'root.azcli_cosmos_database.default': evaluating
2019/05/18 11:05:39 [TRACE] [walkPlan] Entering eval tree: azcli_cosmos_database.default
2019/05/18 11:05:39 [TRACE] root: eval: *terraform.EvalSequence
2019/05/18 11:05:39 [TRACE] root: eval: *terraform.EvalInterpolate
2019/05/18 11:05:39 [TRACE] root: eval: *terraform.EvalGetProvider
2019/05/18 11:05:39 [TRACE] root: eval: *terraform.EvalValidateResource
2019/05/18 11:05:39 [TRACE] root: eval: *terraform.EvalReadState
2019/05/18 11:05:39 [TRACE] root: eval: *terraform.EvalDiff
2019/05/18 11:05:39 [TRACE] root: eval: *terraform.EvalCheckPreventDestroy
2019/05/18 11:05:39 [TRACE] root: eval: *terraform.EvalWriteState
2019/05/18 11:05:39 [TRACE] root: eval: *terraform.EvalWriteDiff
2019/05/18 11:05:39 [TRACE] [walkPlan] Exiting eval tree: azcli_cosmos_database.default
2019/05/18 11:05:39 [TRACE] dag/walk: walking "meta.count-boundary (count boundary fixup)"
2019/05/18 11:05:39 [TRACE] dag/walk: walking "provider.azcli (close)"
2019/05/18 11:05:39 [TRACE] vertex 'root.meta.count-boundary (count boundary fixup)': walking
2019/05/18 11:05:39 [TRACE] vertex 'root.provider.azcli (close)': walking
2019/05/18 11:05:39 [TRACE] vertex 'root.meta.count-boundary (count boundary fixup)': evaluating
2019/05/18 11:05:39 [TRACE] vertex 'root.provider.azcli (close)': evaluating
2019/05/18 11:05:39 [TRACE] [walkPlan] Entering eval tree: provider.azcli (close)
2019/05/18 11:05:39 [TRACE] root: eval: *terraform.EvalCloseProvider
2019/05/18 11:05:39 [TRACE] [walkPlan] Entering eval tree: meta.count-boundary (count boundary fixup)
2019/05/18 11:05:39 [TRACE] root: eval: *terraform.EvalCountFixZeroOneBoundaryGlobal
2019/05/18 11:05:39 [TRACE] [walkPlan] Exiting eval tree: meta.count-boundary (count boundary fixup)
2019/05/18 11:05:39 [TRACE] [walkPlan] Exiting eval tree: provider.azcli (close)
2019/05/18 11:05:39 [TRACE] dag/walk: walking "root"
2019/05/18 11:05:39 [TRACE] vertex 'root.root': walking
2019/05/18 11:05:39 [DEBUG] command: asking for input: "Do you want to perform these actions?"
2019/05/18 11:05:44 [INFO] terraform: building graph: GraphTypeApply
2019/05/18 11:05:44 [TRACE] DiffTransformer: starting
2019/05/18 11:05:44 [TRACE] DiffTransformer: Module: CREATE: azcli_cosmos_database.default
  cosmos_account_name: "" => "abx"
  name:                "" => "testDatabase"
  resource_group_name: "" => "terraform-provider"
2019/05/18 11:05:44 [TRACE] DiffTransformer: Resource "azcli_cosmos_database.default": *terraform.InstanceDiff{mu:sync.Mutex{state:0, sema:0x0}, Attributes:map[string]*terraform.ResourceAttrDiff{"resource_group_name":*terraform.ResourceAttrDiff{Old:"", New:"terraform-provider", NewComputed:false, NewRemoved:false, NewExtra:interface {}(nil), RequiresNew:false, Sensitive:false, Type:0x0}, "name":*terraform.ResourceAttrDiff{Old:"", New:"testDatabase", NewComputed:false, NewRemoved:false, NewExtra:interface {}(nil), RequiresNew:false, Sensitive:false, Type:0x0}, "id":*terraform.ResourceAttrDiff{Old:"", New:"", NewComputed:true, NewRemoved:false, NewExtra:interface {}(nil), RequiresNew:true, Sensitive:false, Type:0x2}, "cosmos_account_name":*terraform.ResourceAttrDiff{Old:"", New:"abx", NewComputed:false, NewRemoved:false, NewExtra:interface {}(nil), RequiresNew:false, Sensitive:false, Type:0x0}}, Destroy:false, DestroyDeposed:false, DestroyTainted:false, Meta:map[string]interface {}(nil)}
2019/05/18 11:05:44 [TRACE] Graph after step *terraform.DiffTransformer:

azcli_cosmos_database.default - *terraform.NodeApplyableResource
2019/05/18 11:05:44 [TRACE] Graph after step *terraform.OrphanOutputTransformer:

azcli_cosmos_database.default - *terraform.NodeApplyableResource
2019/05/18 11:05:44 [TRACE] AttachResourceConfigTransformer: Beginning...
2019/05/18 11:05:44 [TRACE] AttachResourceConfigTransformer: Attach resource config request: azcli_cosmos_database.default
2019/05/18 11:05:44 [TRACE] Attaching resource config: &config.Resource{Mode:0, Name:"default", Type:"azcli_cosmos_database", RawCount:(*config.RawConfig)(0xc04237aee0), RawConfig:(*config.RawConfig)(0xc04237ae70), Provisioners:[]*config.Provisioner(nil), Provider:"", DependsOn:[]string(nil), Lifecycle:config.ResourceLifecycle{CreateBeforeDestroy:false, PreventDestroy:false, IgnoreChanges:[]string(nil)}}
2019/05/18 11:05:44 [TRACE] Graph after step *terraform.AttachResourceConfigTransformer:

azcli_cosmos_database.default - *terraform.NodeApplyableResource
2019/05/18 11:05:44 [DEBUG] Resource state not found for "azcli_cosmos_database.default": azcli_cosmos_database.default
2019/05/18 11:05:44 [TRACE] Graph after step *terraform.AttachStateTransformer:

azcli_cosmos_database.default - *terraform.NodeApplyableResource
2019/05/18 11:05:44 [TRACE] ProviderConfigTransformer: Starting for path: []
2019/05/18 11:05:44 [TRACE] Attach provider request: []string{} azcli
2019/05/18 11:05:44 [TRACE] Attaching provider config: *config.ProviderConfig{Name:"azcli", Alias:"", Version:"", RawConfig:(*config.RawConfig)(0xc04237ae00)}
2019/05/18 11:05:44 [TRACE] Graph after step *terraform.ProviderConfigTransformer:

azcli_cosmos_database.default - *terraform.NodeApplyableResource
provider.azcli - *terraform.NodeApplyableProvider
2019/05/18 11:05:44 [TRACE] Graph after step *terraform.MissingProviderTransformer:

azcli_cosmos_database.default - *terraform.NodeApplyableResource
provider.azcli - *terraform.NodeApplyableProvider
2019/05/18 11:05:44 [DEBUG] resource azcli_cosmos_database.default using provider provider.azcli
2019/05/18 11:05:44 [TRACE] Graph after step *terraform.ProviderTransformer:

azcli_cosmos_database.default - *terraform.NodeApplyableResource
  provider.azcli - *terraform.NodeApplyableProvider
provider.azcli - *terraform.NodeApplyableProvider
2019/05/18 11:05:44 [TRACE] Graph after step *terraform.PruneProviderTransformer:

azcli_cosmos_database.default - *terraform.NodeApplyableResource
  provider.azcli - *terraform.NodeApplyableProvider
provider.azcli - *terraform.NodeApplyableProvider
2019/05/18 11:05:44 [TRACE] Graph after step *terraform.ParentProviderTransformer:

azcli_cosmos_database.default - *terraform.NodeApplyableResource
  provider.azcli - *terraform.NodeApplyableProvider
provider.azcli - *terraform.NodeApplyableProvider
2019/05/18 11:05:44 [TRACE] Graph after step *terraform.graphTransformerMulti:

azcli_cosmos_database.default - *terraform.NodeApplyableResource
  provider.azcli - *terraform.NodeApplyableProvider
provider.azcli - *terraform.NodeApplyableProvider
2019/05/18 11:05:44 [TRACE] DestroyEdgeTransformer: Beginning destroy edge transformation...
2019/05/18 11:05:44 [TRACE] Graph after step *terraform.DestroyEdgeTransformer:

azcli_cosmos_database.default - *terraform.NodeApplyableResource
  provider.azcli - *terraform.NodeApplyableProvider
provider.azcli - *terraform.NodeApplyableProvider
2019/05/18 11:05:44 [TRACE] CBDEdgeTransformer: Beginning CBD transformation...
2019/05/18 11:05:44 [TRACE] Graph after step *terraform.CBDEdgeTransformer:

azcli_cosmos_database.default - *terraform.NodeApplyableResource
  provider.azcli - *terraform.NodeApplyableProvider
provider.azcli - *terraform.NodeApplyableProvider
2019/05/18 11:05:44 [TRACE] Graph after step *terraform.MissingProvisionerTransformer:

azcli_cosmos_database.default - *terraform.NodeApplyableResource
  provider.azcli - *terraform.NodeApplyableProvider
provider.azcli - *terraform.NodeApplyableProvider
2019/05/18 11:05:44 [TRACE] Graph after step *terraform.ProvisionerTransformer:

azcli_cosmos_database.default - *terraform.NodeApplyableResource
  provider.azcli - *terraform.NodeApplyableProvider
provider.azcli - *terraform.NodeApplyableProvider
2019/05/18 11:05:44 [TRACE] Graph after step *terraform.RootVariableTransformer:

azcli_cosmos_database.default - *terraform.NodeApplyableResource
  provider.azcli - *terraform.NodeApplyableProvider
provider.azcli - *terraform.NodeApplyableProvider
2019/05/18 11:05:44 [TRACE] Graph after step *terraform.LocalTransformer:

azcli_cosmos_database.default - *terraform.NodeApplyableResource
  provider.azcli - *terraform.NodeApplyableProvider
provider.azcli - *terraform.NodeApplyableProvider
2019/05/18 11:05:44 [TRACE] Graph after step *terraform.OutputTransformer:

azcli_cosmos_database.default - *terraform.NodeApplyableResource
  provider.azcli - *terraform.NodeApplyableProvider
provider.azcli - *terraform.NodeApplyableProvider
2019/05/18 11:05:44 [TRACE] Graph after step *terraform.ModuleVariableTransformer:

azcli_cosmos_database.default - *terraform.NodeApplyableResource
  provider.azcli - *terraform.NodeApplyableProvider
provider.azcli - *terraform.NodeApplyableProvider
2019/05/18 11:05:44 [TRACE] Graph after step *terraform.RemovedModuleTransformer:

azcli_cosmos_database.default - *terraform.NodeApplyableResource
  provider.azcli - *terraform.NodeApplyableProvider
provider.azcli - *terraform.NodeApplyableProvider
2019/05/18 11:05:44 [DEBUG] ReferenceTransformer: "azcli_cosmos_database.default" references: []
2019/05/18 11:05:44 [DEBUG] ReferenceTransformer: "provider.azcli" references: []
2019/05/18 11:05:44 [TRACE] Graph after step *terraform.ReferenceTransformer:

azcli_cosmos_database.default - *terraform.NodeApplyableResource
  provider.azcli - *terraform.NodeApplyableProvider
provider.azcli - *terraform.NodeApplyableProvider
2019/05/18 11:05:44 [TRACE] Graph after step *terraform.CountBoundaryTransformer:

azcli_cosmos_database.default - *terraform.NodeApplyableResource
  provider.azcli - *terraform.NodeApplyableProvider
meta.count-boundary (count boundary fixup) - *terraform.NodeCountBoundary
  azcli_cosmos_database.default - *terraform.NodeApplyableResource
  provider.azcli - *terraform.NodeApplyableProvider
provider.azcli - *terraform.NodeApplyableProvider
2019/05/18 11:05:44 [TRACE] Graph after step *terraform.TargetsTransformer:

azcli_cosmos_database.default - *terraform.NodeApplyableResource
  provider.azcli - *terraform.NodeApplyableProvider
meta.count-boundary (count boundary fixup) - *terraform.NodeCountBoundary
  azcli_cosmos_database.default - *terraform.NodeApplyableResource
  provider.azcli - *terraform.NodeApplyableProvider
provider.azcli - *terraform.NodeApplyableProvider
2019/05/18 11:05:44 [TRACE] Graph after step *terraform.CloseProviderTransformer:

azcli_cosmos_database.default - *terraform.NodeApplyableResource
  provider.azcli - *terraform.NodeApplyableProvider
meta.count-boundary (count boundary fixup) - *terraform.NodeCountBoundary
  azcli_cosmos_database.default - *terraform.NodeApplyableResource
  provider.azcli - *terraform.NodeApplyableProvider
provider.azcli - *terraform.NodeApplyableProvider
provider.azcli (close) - *terraform.graphNodeCloseProvider
  azcli_cosmos_database.default - *terraform.NodeApplyableResource
  provider.azcli - *terraform.NodeApplyableProvider
2019/05/18 11:05:44 [TRACE] Graph after step *terraform.CloseProvisionerTransformer:

azcli_cosmos_database.default - *terraform.NodeApplyableResource
  provider.azcli - *terraform.NodeApplyableProvider
meta.count-boundary (count boundary fixup) - *terraform.NodeCountBoundary
  azcli_cosmos_database.default - *terraform.NodeApplyableResource
  provider.azcli - *terraform.NodeApplyableProvider
provider.azcli - *terraform.NodeApplyableProvider
provider.azcli (close) - *terraform.graphNodeCloseProvider
  azcli_cosmos_database.default - *terraform.NodeApplyableResource
  provider.azcli - *terraform.NodeApplyableProvider
2019/05/18 11:05:44 [TRACE] Graph after step *terraform.RootTransformer:

azcli_cosmos_database.default - *terraform.NodeApplyableResource
  provider.azcli - *terraform.NodeApplyableProvider
meta.count-boundary (count boundary fixup) - *terraform.NodeCountBoundary
  azcli_cosmos_database.default - *terraform.NodeApplyableResource
  provider.azcli - *terraform.NodeApplyableProvider
provider.azcli - *terraform.NodeApplyableProvider
provider.azcli (close) - *terraform.graphNodeCloseProvider
  azcli_cosmos_database.default - *terraform.NodeApplyableResource
  provider.azcli - *terraform.NodeApplyableProvider
root - terraform.graphNodeRoot
  meta.count-boundary (count boundary fixup) - *terraform.NodeCountBoundary
  provider.azcli (close) - *terraform.graphNodeCloseProvider
2019/05/18 11:05:44 [TRACE] Graph after step *terraform.TransitiveReductionTransformer:

azcli_cosmos_database.default - *terraform.NodeApplyableResource
  provider.azcli - *terraform.NodeApplyableProvider
meta.count-boundary (count boundary fixup) - *terraform.NodeCountBoundary
  azcli_cosmos_database.default - *terraform.NodeApplyableResource
provider.azcli - *terraform.NodeApplyableProvider
provider.azcli (close) - *terraform.graphNodeCloseProvider
  azcli_cosmos_database.default - *terraform.NodeApplyableResource
root - terraform.graphNodeRoot
  meta.count-boundary (count boundary fixup) - *terraform.NodeCountBoundary
  provider.azcli (close) - *terraform.graphNodeCloseProvider
2019/05/18 11:05:44 [DEBUG] Starting graph walk: walkApply
2019/05/18 11:05:44 [TRACE] dag/walk: added new vertex: "root"
2019/05/18 11:05:44 [TRACE] dag/walk: added new vertex: "azcli_cosmos_database.default"
2019/05/18 11:05:44 [TRACE] dag/walk: added new vertex: "provider.azcli"
2019/05/18 11:05:44 [TRACE] dag/walk: added new vertex: "meta.count-boundary (count boundary fixup)"
2019/05/18 11:05:44 [TRACE] dag/walk: added new vertex: "provider.azcli (close)"
2019/05/18 11:05:44 [TRACE] dag/walk: added edge: "root" waiting on "provider.azcli (close)"
2019/05/18 11:05:44 [TRACE] dag/walk: added edge: "azcli_cosmos_database.default" waiting on "provider.azcli"
2019/05/18 11:05:44 [TRACE] dag/walk: added edge: "meta.count-boundary (count boundary fixup)" waiting on "azcli_cosmos_database.default"
2019/05/18 11:05:44 [TRACE] dag/walk: added edge: "provider.azcli (close)" waiting on "azcli_cosmos_database.default"
2019/05/18 11:05:44 [TRACE] dag/walk: added edge: "root" waiting on "meta.count-boundary (count boundary fixup)"
2019/05/18 11:05:44 [TRACE] dag/walk: dependencies changed for "root", sending new deps
2019/05/18 11:05:44 [TRACE] dag/walk: dependencies changed for "azcli_cosmos_database.default", sending new deps
2019/05/18 11:05:44 [TRACE] dag/walk: dependencies changed for "meta.count-boundary (count boundary fixup)", sending new deps
2019/05/18 11:05:44 [TRACE] dag/walk: dependencies changed for "provider.azcli (close)", sending new deps
2019/05/18 11:05:44 [TRACE] dag/walk: walking "provider.azcli"
2019/05/18 11:05:44 [TRACE] vertex 'root.provider.azcli': walking
2019/05/18 11:05:44 [TRACE] vertex 'root.provider.azcli': evaluating
2019/05/18 11:05:44 [TRACE] [walkApply] Entering eval tree: provider.azcli
2019/05/18 11:05:44 [TRACE] root: eval: *terraform.EvalSequence
2019/05/18 11:05:44 [TRACE] root: eval: *terraform.EvalInitProvider
2019/05/18 11:05:44 [TRACE] root: eval: terraform.EvalNoop
2019/05/18 11:05:44 [TRACE] root: eval: terraform.EvalNoop
2019/05/18 11:05:44 [TRACE] root: eval: *terraform.EvalOpFilter
2019/05/18 11:05:44 [TRACE] root: eval: *terraform.EvalSequence
2019/05/18 11:05:44 [TRACE] root: eval: *terraform.EvalGetProvider
2019/05/18 11:05:44 [TRACE] root: eval: *terraform.EvalInterpolateProvider
2019/05/18 11:05:44 [TRACE] root: eval: *terraform.EvalBuildProviderConfig
2019/05/18 11:05:44 [TRACE] root: eval: *terraform.EvalOpFilter
2019/05/18 11:05:44 [TRACE] root: eval: *terraform.EvalSequence
2019/05/18 11:05:44 [TRACE] root: eval: *terraform.EvalConfigProvider
2019-05-18T11:05:46.624+0100 [DEBUG] plugin.terraform-provider-azcli.exe: 2019/05/18 11:05:46 az cli output is valid json
2019-05-18T11:05:46.624+0100 [DEBUG] plugin.terraform-provider-azcli.exe: 2019/05/18 11:05:46 az cli connected to Visual Studio Enterprise – MPN
2019/05/18 11:05:46 [TRACE] [walkApply] Exiting eval tree: provider.azcli
2019/05/18 11:05:46 [TRACE] dag/walk: walking "azcli_cosmos_database.default"
2019/05/18 11:05:46 [TRACE] vertex 'root.azcli_cosmos_database.default': walking
2019/05/18 11:05:46 [TRACE] vertex 'root.azcli_cosmos_database.default': evaluating
2019/05/18 11:05:46 [TRACE] [walkApply] Entering eval tree: azcli_cosmos_database.default
2019/05/18 11:05:46 [TRACE] root: eval: *terraform.EvalSequence
2019/05/18 11:05:46 [TRACE] root: eval: *terraform.EvalInstanceInfo
2019/05/18 11:05:46 [TRACE] root: eval: *terraform.EvalReadDiff
2019/05/18 11:05:46 [TRACE] root: eval: *terraform.EvalIf
2019/05/18 11:05:46 [TRACE] root: eval: terraform.EvalNoop
2019/05/18 11:05:46 [TRACE] root: eval: *terraform.EvalIf
2019/05/18 11:05:46 [TRACE] root: eval: *terraform.EvalInterpolate
2019/05/18 11:05:46 [TRACE] root: eval: *terraform.EvalInterpolate
2019/05/18 11:05:46 [TRACE] root: eval: *terraform.EvalGetProvider
2019/05/18 11:05:46 [TRACE] root: eval: *terraform.EvalReadState
2019/05/18 11:05:46 [TRACE] root: eval: *terraform.EvalValidateResource
2019/05/18 11:05:46 [TRACE] root: eval: *terraform.EvalDiff
2019/05/18 11:05:46 [TRACE] root: eval: *terraform.EvalReadDiff
2019/05/18 11:05:46 [TRACE] root: eval: *terraform.EvalCompareDiff
2019/05/18 11:05:46 [TRACE] root: eval: *terraform.EvalGetProvider
2019/05/18 11:05:46 [TRACE] root: eval: *terraform.EvalReadState
2019/05/18 11:05:46 [TRACE] root: eval: *terraform.EvalApplyPre
2019/05/18 11:05:46 [TRACE] root: eval: *terraform.EvalApply
2019/05/18 11:05:46 [DEBUG] apply: azcli_cosmos_database.default: executing Apply
2019/05/18 11:05:49 [TRACE] dag/walk: vertex "root", waiting for: "provider.azcli (close)"
2019/05/18 11:05:49 [TRACE] dag/walk: vertex "provider.azcli (close)", waiting for: "azcli_cosmos_database.default"
2019/05/18 11:05:49 [TRACE] dag/walk: vertex "meta.count-boundary (count boundary fixup)", waiting for: "azcli_cosmos_database.default"
2019-05-18T11:05:50.859+0100 [DEBUG] plugin.terraform-provider-azcli.exe: 2019/05/18 11:05:50 Error occured whilst executing az cli ERROR: Operation Failed: Resource Already Exists
2019-05-18T11:05:50.861+0100 [DEBUG] plugin.terraform-provider-azcli.exe: panic: az cli output not valid json
2019-05-18T11:05:50.861+0100 [DEBUG] plugin.terraform-provider-azcli.exe: 
2019-05-18T11:05:50.861+0100 [DEBUG] plugin.terraform-provider-azcli.exe: goroutine 42 [running]:
2019-05-18T11:05:50.861+0100 [DEBUG] plugin.terraform-provider-azcli.exe: github.com/abelal83/terraform_provider_cosmosdb/azcli.resourceCosmosDatabaseCreate(0xc04215e1c0, 0xc5c000, 0xc042073680, 0x24, 0x130b5c0)
2019-05-18T11:05:50.861+0100 [DEBUG] plugin.terraform-provider-azcli.exe: 	C:/Users/belala/go/src/github.com/abelal83/terraform_provider_cosmosdb/azcli/resource_cosmos_database.go:48 +0x32b
2019-05-18T11:05:50.861+0100 [DEBUG] plugin.terraform-provider-azcli.exe: github.com/hashicorp/terraform/helper/schema.(*Resource).Apply(0xc04235f9d0, 0xc042308190, 0xc0422e4ea0, 0xc5c000, 0xc042073680, 0xc042300501, 0xc042493b88, 0x4cb083)
2019-05-18T11:05:50.861+0100 [DEBUG] plugin.terraform-provider-azcli.exe: 	C:/Go/src/github.com/hashicorp/terraform/helper/schema/resource.go:227 +0x361
2019-05-18T11:05:50.861+0100 [DEBUG] plugin.terraform-provider-azcli.exe: github.com/hashicorp/terraform/helper/schema.(*Provider).Apply(0xc04235fa40, 0xc042308140, 0xc042308190, 0xc0422e4ea0, 0x18, 0x18, 0xc0422e4ee0)
2019-05-18T11:05:50.861+0100 [DEBUG] plugin.terraform-provider-azcli.exe: 	C:/Go/src/github.com/hashicorp/terraform/helper/schema/provider.go:283 +0xab
2019-05-18T11:05:50.861+0100 [DEBUG] plugin.terraform-provider-azcli.exe: github.com/hashicorp/terraform/plugin.(*ResourceProviderServer).Apply(0xc042313640, 0xc0422e4100, 0xc042388270, 0x0, 0x0)
2019-05-18T11:05:50.861+0100 [DEBUG] plugin.terraform-provider-azcli.exe: 	C:/Go/src/github.com/hashicorp/terraform/plugin/resource_provider.go:527 +0x5e
2019-05-18T11:05:50.861+0100 [DEBUG] plugin.terraform-provider-azcli.exe: reflect.Value.call(0xc0421211a0, 0xc042096fd8, 0x13, 0xd79204, 0x4, 0xc042493f18, 0x3, 0x3, 0xc0423063c0, 0x0, ...)
2019-05-18T11:05:50.861+0100 [DEBUG] plugin.terraform-provider-azcli.exe: 	C:/Go/src/reflect/value.go:447 +0x970
2019-05-18T11:05:50.861+0100 [DEBUG] plugin.terraform-provider-azcli.exe: reflect.Value.Call(0xc0421211a0, 0xc042096fd8, 0x13, 0xc042493f18, 0x3, 0x3, 0x0, 0x0, 0x0)
2019-05-18T11:05:50.861+0100 [DEBUG] plugin.terraform-provider-azcli.exe: 	C:/Go/src/reflect/value.go:308 +0xab
2019-05-18T11:05:50.861+0100 [DEBUG] plugin.terraform-provider-azcli.exe: net/rpc.(*service).call(0xc0421fff80, 0xc0420a96d0, 0xc042283958, 0xc042283970, 0xc042153600, 0xc0422e5f20, 0xbf0aa0, 0xc0422e4100, 0x16, 0xbf0ae0, ...)
2019-05-18T11:05:50.861+0100 [DEBUG] plugin.terraform-provider-azcli.exe: 	C:/Go/src/net/rpc/server.go:384 +0x155
2019-05-18T11:05:50.861+0100 [DEBUG] plugin.terraform-provider-azcli.exe: created by net/rpc.(*Server).ServeCodec
2019-05-18T11:05:50.862+0100 [DEBUG] plugin.terraform-provider-azcli.exe: 	C:/Go/src/net/rpc/server.go:480 +0x441
2019/05/18 11:05:50 [TRACE] root: eval: *terraform.EvalWriteState
2019/05/18 11:05:50 [TRACE] root: eval: *terraform.EvalApplyProvisioners
2019/05/18 11:05:50 [TRACE] root: eval: *terraform.EvalIf
2019/05/18 11:05:50 [TRACE] root: eval: *terraform.EvalWriteState
2019/05/18 11:05:50 [TRACE] root: eval: *terraform.EvalWriteDiff
2019/05/18 11:05:50 [TRACE] root: eval: *terraform.EvalApplyPost
2019/05/18 11:05:50 [ERROR] root: eval: *terraform.EvalApplyPost, err: 1 error(s) occurred:

* azcli_cosmos_database.default: unexpected EOF
2019/05/18 11:05:50 [ERROR] root: eval: *terraform.EvalSequence, err: 1 error(s) occurred:

* azcli_cosmos_database.default: unexpected EOF
2019/05/18 11:05:50 [TRACE] [walkApply] Exiting eval tree: azcli_cosmos_database.default
2019/05/18 11:05:50 [TRACE] dag/walk: upstream errored, not walking "provider.azcli (close)"
2019/05/18 11:05:50 [TRACE] dag/walk: upstream errored, not walking "meta.count-boundary (count boundary fixup)"
2019/05/18 11:05:50 [TRACE] dag/walk: upstream errored, not walking "root"
2019/05/18 11:05:50 [TRACE] Preserving existing state lineage "231e4cca-6d3e-f555-ab6e-804942412d80"
2019-05-18T11:05:50.871+0100 [DEBUG] plugin: plugin process exited: path=C:\Users\belala\go\src\github.com\abelal83\terraform_provider_cosmosdb\terraform-provider-azcli.exe
2019/05/18 11:05:50 [DEBUG] plugin: waiting for all plugin processes to complete...
2019-05-18T11:05:50.872+0100 [WARN ] plugin: error closing client during Kill: err="connection is shut down"
